This file contains any messages produced by compilers while
running configure, to aid debugging if configure makes a mistake.

It was created by openbox configure 3.6.1, which was
generated by GNU Autoconf 2.69.  Invocation command line was

  $ ./configure --prefix=/usr --with-x --enable-startup-notification --sysconfdir=/etc --libexecdir=/usr/lib/openbox

## --------- ##
## Platform. ##
## --------- ##

hostname = ec009d8a86ec
uname -m = x86_64
uname -r = 5.4.0-1031-azure
uname -s = Linux
uname -v = #32~18.04.1-Ubuntu SMP Tue Oct 6 10:03:22 UTC 2020

/usr/bin/uname -p = unknown
/bin/uname -X     = unknown

/bin/arch              = unknown
/usr/bin/arch -k       = unknown
/usr/convex/getsysinfo = unknown
/usr/bin/hostinfo      = unknown
/bin/machine           = unknown
/usr/bin/oslevel       = unknown
/bin/universe          = unknown

PATH: /usr/local/sbin
PATH: /usr/local/bin
PATH: /usr/sbin
PATH: /usr/bin
PATH: /sbin
PATH: /bin


## ----------- ##
## Core tests. ##
## ----------- ##

configure:2441: checking for a BSD-compatible install
configure:2509: result: /usr/bin/install -c
configure:2520: checking whether build environment is sane
configure:2570: result: yes
configure:2711: checking for a thread-safe mkdir -p
configure:2750: result: /usr/sbin/mkdir -p
configure:2763: checking for gawk
configure:2779: found /usr/sbin/gawk
configure:2790: result: gawk
configure:2801: checking whether make sets $(MAKE)
configure:2823: result: yes
configure:2914: checking whether make supports nested variables
configure:2931: result: yes
configure:3000: checking build type
configure:3066: result: RELEASE
configure:3086: checking for style of include used by make
configure:3114: result: GNU
configure:3185: checking for gcc
configure:3201: found /usr/sbin/gcc
configure:3212: result: gcc
configure:3441: checking for C compiler version
configure:3450: gcc --version >&5
gcc (GCC) 10.2.0
Copyright (C) 2020 Free Software Foundation, Inc.
This is free software; see the source for copying conditions.  There is NO
warranty; not even for MERCHANTABILITY or FITNESS FOR A PARTICULAR PURPOSE.

configure:3461: $? = 0
configure:3450: gcc -v >&5
Using built-in specs.
COLLECT_GCC=gcc
COLLECT_LTO_WRAPPER=/usr/lib/gcc/x86_64-pc-linux-gnu/10.2.0/lto-wrapper
Target: x86_64-pc-linux-gnu
Configured with: /build/gcc/src/gcc/configure --prefix=/usr --libdir=/usr/lib --libexecdir=/usr/lib --mandir=/usr/share/man --infodir=/usr/share/info --with-bugurl=https://bugs.archlinux.org/ --enable-languages=c,c++,ada,fortran,go,lto,objc,obj-c++,d --with-isl --with-linker-hash-style=gnu --with-system-zlib --enable-__cxa_atexit --enable-cet=auto --enable-checking=release --enable-clocale=gnu --enable-default-pie --enable-default-ssp --enable-gnu-indirect-function --enable-gnu-unique-object --enable-install-libiberty --enable-linker-build-id --enable-lto --enable-multilib --enable-plugin --enable-shared --enable-threads=posix --disable-libssp --disable-libstdcxx-pch --disable-libunwind-exceptions --disable-werror gdc_include_dir=/usr/include/dlang/gdc
Thread model: posix
Supported LTO compression algorithms: zlib zstd
gcc version 10.2.0 (GCC) 
configure:3461: $? = 0
configure:3450: gcc -V >&5
gcc: error: unrecognized command-line option '-V'
gcc: fatal error: no input files
compilation terminated.
configure:3461: $? = 1
configure:3450: gcc -qversion >&5
gcc: error: unrecognized command-line option '-qversion'; did you mean '--version'?
gcc: fatal error: no input files
compilation terminated.
configure:3461: $? = 1
configure:3481: checking whether the C compiler works
configure:3503: gcc -march=x86-64 -mtune=generic -O2 -pipe -fno-plt -D_FORTIFY_SOURCE=2 -Wl,-O1,--sort-common,--as-needed,-z,relro,-z,now conftest.c  >&5
configure:3507: $? = 0
configure:3555: result: yes
configure:3558: checking for C compiler default output file name
configure:3560: result: a.out
configure:3566: checking for suffix of executables
configure:3573: gcc -o conftest -march=x86-64 -mtune=generic -O2 -pipe -fno-plt -D_FORTIFY_SOURCE=2 -Wl,-O1,--sort-common,--as-needed,-z,relro,-z,now conftest.c  >&5
configure:3577: $? = 0
configure:3599: result: 
configure:3621: checking whether we are cross compiling
configure:3629: gcc -o conftest -march=x86-64 -mtune=generic -O2 -pipe -fno-plt -D_FORTIFY_SOURCE=2 -Wl,-O1,--sort-common,--as-needed,-z,relro,-z,now conftest.c  >&5
configure:3633: $? = 0
configure:3640: ./conftest
configure:3644: $? = 0
configure:3632: result: no
configure:3637: checking for suffix of object files
configure:3659: gcc -c -march=x86-64 -mtune=generic -O2 -pipe -fno-plt -D_FORTIFY_SOURCE=2 conftest.c >&5
configure:3663: $? = 0
configure:3684: result: o
configure:3688: checking whether we are using the GNU C compiler
configure:3707: gcc -c -march=x86-64 -mtune=generic -O2 -pipe -fno-plt -D_FORTIFY_SOURCE=2 conftest.c >&5
configure:3707: $? = 0
configure:3716: result: yes
configure:3725: checking whether gcc accepts -g
configure:3745: gcc -c -g -D_FORTIFY_SOURCE=2 conftest.c >&5
configure:3745: $? = 0
configure:3786: result: yes
configure:3803: checking for gcc option to accept ISO C89
configure:3866: gcc  -c -march=x86-64 -mtune=generic -O2 -pipe -fno-plt -D_FORTIFY_SOURCE=2 conftest.c >&5
configure:3866: $? = 0
configure:3879: result: none needed
configure:3901: checking dependency style of gcc
configure:4012: result: gcc3
configure:4028: checking whether gcc and cc understand -c and -o together
configure:4059: gcc -c conftest.c -o conftest2.o >&5
configure:4063: $? = 0
configure:4069: gcc -c conftest.c -o conftest2.o >&5
configure:4073: $? = 0
configure:4084: cc -c conftest.c >&5
configure:4088: $? = 0
configure:4096: cc -c conftest.c -o conftest2.o >&5
configure:4100: $? = 0
configure:4106: cc -c conftest.c -o conftest2.o >&5
configure:4110: $? = 0
configure:4128: result: yes
configure:4158: checking how to run the C preprocessor
configure:4189: gcc -E -D_FORTIFY_SOURCE=2 conftest.c
In file included from /usr/include/bits/libc-header-start.h:33,
                 from /usr/include/limits.h:26,
                 from /usr/lib/gcc/x86_64-pc-linux-gnu/10.2.0/include-fixed/limits.h:195,
                 from /usr/lib/gcc/x86_64-pc-linux-gnu/10.2.0/include-fixed/syslimits.h:7,
                 from /usr/lib/gcc/x86_64-pc-linux-gnu/10.2.0/include-fixed/limits.h:34,
                 from conftest.c:12:
/usr/include/features.h:397:4: warning: #warning _FORTIFY_SOURCE requires compiling with optimization (-O) [-Wcpp]
  397 | #  warning _FORTIFY_SOURCE requires compiling with optimization (-O)
      |    ^~~~~~~
configure:4189: $? = 0
configure:4203: gcc -E -D_FORTIFY_SOURCE=2 conftest.c
conftest.c:11:10: fatal error: ac_nonexistent.h: No such file or directory
   11 | #include <ac_nonexistent.h>
      |          ^~~~~~~~~~~~~~~~~~
compilation terminated.
configure:4203: $? = 1
configure: failed program was:
| /* confdefs.h */
| #define PACKAGE_NAME "openbox"
| #define PACKAGE_TARNAME "openbox"
| #define PACKAGE_VERSION "3.6.1"
| #define PACKAGE_STRING "openbox 3.6.1"
| #define PACKAGE_BUGREPORT "http://bugzilla.icculus.org"
| #define PACKAGE_URL ""
| #define PACKAGE "openbox"
| #define VERSION "3.6.1"
| /* end confdefs.h.  */
| #include <ac_nonexistent.h>
configure:4228: result: gcc -E
configure:4248: gcc -E -D_FORTIFY_SOURCE=2 conftest.c
In file included from /usr/include/bits/libc-header-start.h:33,
                 from /usr/include/limits.h:26,
                 from /usr/lib/gcc/x86_64-pc-linux-gnu/10.2.0/include-fixed/limits.h:195,
                 from /usr/lib/gcc/x86_64-pc-linux-gnu/10.2.0/include-fixed/syslimits.h:7,
                 from /usr/lib/gcc/x86_64-pc-linux-gnu/10.2.0/include-fixed/limits.h:34,
                 from conftest.c:12:
/usr/include/features.h:397:4: warning: #warning _FORTIFY_SOURCE requires compiling with optimization (-O) [-Wcpp]
  397 | #  warning _FORTIFY_SOURCE requires compiling with optimization (-O)
      |    ^~~~~~~
configure:4248: $? = 0
configure:4262: gcc -E -D_FORTIFY_SOURCE=2 conftest.c
conftest.c:11:10: fatal error: ac_nonexistent.h: No such file or directory
   11 | #include <ac_nonexistent.h>
      |          ^~~~~~~~~~~~~~~~~~
compilation terminated.
configure:4262: $? = 1
configure: failed program was:
| /* confdefs.h */
| #define PACKAGE_NAME "openbox"
| #define PACKAGE_TARNAME "openbox"
| #define PACKAGE_VERSION "3.6.1"
| #define PACKAGE_STRING "openbox 3.6.1"
| #define PACKAGE_BUGREPORT "http://bugzilla.icculus.org"
| #define PACKAGE_URL ""
| #define PACKAGE "openbox"
| #define VERSION "3.6.1"
| /* end confdefs.h.  */
| #include <ac_nonexistent.h>
configure:4304: checking for GNU CC
configure:4307: result: yes
configure:4332: checking for compiler specific flags
configure:4334: result: -DNDEBUG -DG_DISABLE_ASSERT -fno-strict-aliasing
configure:4340: checking for an ANSI C-conforming const
configure:4406: gcc -c -march=x86-64 -mtune=generic -O2 -pipe -fno-plt -DNDEBUG -DG_DISABLE_ASSERT -fno-strict-aliasing -D_FORTIFY_SOURCE=2 conftest.c >&5
configure:4406: $? = 0
configure:4413: result: yes
configure:4421: checking for inline
configure:4437: gcc -c -march=x86-64 -mtune=generic -O2 -pipe -fno-plt -DNDEBUG -DG_DISABLE_ASSERT -fno-strict-aliasing -D_FORTIFY_SOURCE=2 conftest.c >&5
configure:4437: $? = 0
configure:4445: result: inline
configure:4493: checking build system type
configure:4507: result: x86_64-unknown-linux-gnu
configure:4527: checking host system type
configure:4540: result: x86_64-unknown-linux-gnu
configure:4581: checking how to print strings
configure:4608: result: printf
configure:4629: checking for a sed that does not truncate output
configure:4693: result: /usr/sbin/sed
configure:4711: checking for grep that handles long lines and -e
configure:4769: result: /usr/sbin/grep
configure:4774: checking for egrep
configure:4836: result: /usr/sbin/grep -E
configure:4841: checking for fgrep
configure:4903: result: /usr/sbin/grep -F
configure:4938: checking for ld used by gcc
configure:5005: result: /usr/sbin/ld
configure:5012: checking if the linker (/usr/sbin/ld) is GNU ld
configure:5027: result: yes
configure:5039: checking for BSD- or MS-compatible name lister (nm)
configure:5093: result: /usr/sbin/nm -B
configure:5223: checking the name lister (/usr/sbin/nm -B) interface
configure:5230: gcc -c -march=x86-64 -mtune=generic -O2 -pipe -fno-plt -DNDEBUG -DG_DISABLE_ASSERT -fno-strict-aliasing -D_FORTIFY_SOURCE=2 conftest.c >&5
configure:5233: /usr/sbin/nm -B "conftest.o"
configure:5236: output
0000000000000000 B some_variable
configure:5237: result: BSD nm
configure:5240: checking whether ln -s works
configure:5244: result: yes
configure:5252: checking the maximum length of command line arguments
configure:5383: result: 1572864
configure:5431: checking how to convert x86_64-unknown-linux-gnu file names to x86_64-unknown-linux-gnu format
configure:5471: result: func_convert_file_noop
configure:5478: checking how to convert x86_64-unknown-linux-gnu file names to toolchain format
configure:5498: result: func_convert_file_noop
configure:5505: checking for /usr/sbin/ld option to reload object files
configure:5512: result: -r
configure:5586: checking for objdump
configure:5602: found /usr/sbin/objdump
configure:5613: result: objdump
configure:5645: checking how to recognize dependent libraries
configure:5845: result: pass_all
configure:5930: checking for dlltool
configure:5960: result: no
configure:5990: checking how to associate runtime and link libraries
configure:6017: result: printf %s\n
configure:6077: checking for ar
configure:6093: found /usr/sbin/ar
configure:6104: result: ar
configure:6141: checking for archiver @FILE support
configure:6158: gcc -c -march=x86-64 -mtune=generic -O2 -pipe -fno-plt -DNDEBUG -DG_DISABLE_ASSERT -fno-strict-aliasing -D_FORTIFY_SOURCE=2 conftest.c >&5
configure:6158: $? = 0
configure:6161: ar cru libconftest.a @conftest.lst >&5
ar: `u' modifier ignored since `D' is the default (see `U')
configure:6164: $? = 0
configure:6169: ar cru libconftest.a @conftest.lst >&5
ar: `u' modifier ignored since `D' is the default (see `U')
ar: conftest.o: No such file or directory
configure:6172: $? = 1
configure:6171: result: @
configure:6229: checking for strip
configure:6245: found /usr/sbin/strip
configure:6256: result: strip
configure:6328: checking for ranlib
configure:6344: found /usr/sbin/ranlib
configure:6355: result: ranlib
configure:6457: checking command to parse /usr/sbin/nm -B output from gcc object
configure:6610: gcc -c -march=x86-64 -mtune=generic -O2 -pipe -fno-plt -DNDEBUG -DG_DISABLE_ASSERT -fno-strict-aliasing -D_FORTIFY_SOURCE=2 conftest.c >&5
configure:6613: $? = 0
configure:6617: /usr/sbin/nm -B conftest.o \| sed -n -e 's/^.*[ ]\([ABCDGIRSTW][ABCDGIRSTW]*\)[ ][ ]*\([_A-Za-z][_A-Za-z0-9]*\)$/\1 \2 \2/p' | sed '/ __gnu_lto/d' \> conftest.nm
configure:6620: $? = 0
configure:6686: gcc -o conftest -march=x86-64 -mtune=generic -O2 -pipe -fno-plt -DNDEBUG -DG_DISABLE_ASSERT -fno-strict-aliasing -D_FORTIFY_SOURCE=2 -Wl,-O1,--sort-common,--as-needed,-z,relro,-z,now conftest.c conftstm.o >&5
configure:6689: $? = 0
configure:6727: result: ok
configure:6774: checking for sysroot
configure:6804: result: no
configure:6811: checking for a working dd
configure:6849: result: /usr/sbin/dd
configure:6853: checking how to truncate binary pipes
configure:6868: result: /usr/sbin/dd bs=4096 count=1
configure:7004: gcc -c -march=x86-64 -mtune=generic -O2 -pipe -fno-plt -DNDEBUG -DG_DISABLE_ASSERT -fno-strict-aliasing -D_FORTIFY_SOURCE=2 conftest.c >&5
configure:7007: $? = 0
configure:7197: checking for mt
configure:7227: result: no
configure:7247: checking if : is a manifest tool
configure:7253: : '-?'
configure:7261: result: no
configure:7934: checking for ANSI C header files
configure:7954: gcc -c -march=x86-64 -mtune=generic -O2 -pipe -fno-plt -DNDEBUG -DG_DISABLE_ASSERT -fno-strict-aliasing -D_FORTIFY_SOURCE=2 conftest.c >&5
configure:7954: $? = 0
In file included from /usr/include/bits/libc-header-start.h:33,
                 from /usr/include/string.h:26,
                 from conftest.c:11:
/usr/include/features.h:397:4: warning: #warning _FORTIFY_SOURCE requires compiling with optimization (-O) [-Wcpp]
  397 | #  warning _FORTIFY_SOURCE requires compiling with optimization (-O)
      |    ^~~~~~~
In file included from /usr/include/bits/libc-header-start.h:33,
                 from /usr/include/stdlib.h:25,
                 from conftest.c:11:
/usr/include/features.h:397:4: warning: #warning _FORTIFY_SOURCE requires compiling with optimization (-O) [-Wcpp]
  397 | #  warning _FORTIFY_SOURCE requires compiling with optimization (-O)
      |    ^~~~~~~
configure:8027: gcc -o conftest -march=x86-64 -mtune=generic -O2 -pipe -fno-plt -DNDEBUG -DG_DISABLE_ASSERT -fno-strict-aliasing -D_FORTIFY_SOURCE=2 -Wl,-O1,--sort-common,--as-needed,-z,relro,-z,now conftest.c   >&5
configure:8027: $? = 0
configure:8027: ./conftest
configure:8027: $? = 0
configure:8038: result: yes
configure:8051: checking for sys/types.h
configure:8051: gcc -c -march=x86-64 -mtune=generic -O2 -pipe -fno-plt -DNDEBUG -DG_DISABLE_ASSERT -fno-strict-aliasing -D_FORTIFY_SOURCE=2 conftest.c >&5
configure:8051: $? = 0
configure:8051: result: yes
configure:8051: checking for sys/stat.h
configure:8051: gcc -c -march=x86-64 -mtune=generic -O2 -pipe -fno-plt -DNDEBUG -DG_DISABLE_ASSERT -fno-strict-aliasing -D_FORTIFY_SOURCE=2 conftest.c >&5
configure:8051: $? = 0
configure:8051: result: yes
configure:8051: checking for stdlib.h
configure:8051: gcc -c -march=x86-64 -mtune=generic -O2 -pipe -fno-plt -DNDEBUG -DG_DISABLE_ASSERT -fno-strict-aliasing -D_FORTIFY_SOURCE=2 conftest.c >&5
configure:8051: $? = 0
configure:8051: result: yes
configure:8051: checking for string.h
configure:8051: gcc -c -march=x86-64 -mtune=generic -O2 -pipe -fno-plt -DNDEBUG -DG_DISABLE_ASSERT -fno-strict-aliasing -D_FORTIFY_SOURCE=2 conftest.c >&5
configure:8051: $? = 0
configure:8051: result: yes
configure:8051: checking for memory.h
configure:8051: gcc -c -march=x86-64 -mtune=generic -O2 -pipe -fno-plt -DNDEBUG -DG_DISABLE_ASSERT -fno-strict-aliasing -D_FORTIFY_SOURCE=2 conftest.c >&5
configure:8051: $? = 0
configure:8051: result: yes
configure:8051: checking for strings.h
configure:8051: gcc -c -march=x86-64 -mtune=generic -O2 -pipe -fno-plt -DNDEBUG -DG_DISABLE_ASSERT -fno-strict-aliasing -D_FORTIFY_SOURCE=2 conftest.c >&5
configure:8051: $? = 0
configure:8051: result: yes
configure:8051: checking for inttypes.h
configure:8051: gcc -c -march=x86-64 -mtune=generic -O2 -pipe -fno-plt -DNDEBUG -DG_DISABLE_ASSERT -fno-strict-aliasing -D_FORTIFY_SOURCE=2 conftest.c >&5
configure:8051: $? = 0
configure:8051: result: yes
configure:8051: checking for stdint.h
configure:8051: gcc -c -march=x86-64 -mtune=generic -O2 -pipe -fno-plt -DNDEBUG -DG_DISABLE_ASSERT -fno-strict-aliasing -D_FORTIFY_SOURCE=2 conftest.c >&5
configure:8051: $? = 0
configure:8051: result: yes
configure:8051: checking for unistd.h
configure:8051: gcc -c -march=x86-64 -mtune=generic -O2 -pipe -fno-plt -DNDEBUG -DG_DISABLE_ASSERT -fno-strict-aliasing -D_FORTIFY_SOURCE=2 conftest.c >&5
configure:8051: $? = 0
configure:8051: result: yes
configure:8065: checking for dlfcn.h
configure:8065: gcc -c -march=x86-64 -mtune=generic -O2 -pipe -fno-plt -DNDEBUG -DG_DISABLE_ASSERT -fno-strict-aliasing -D_FORTIFY_SOURCE=2 conftest.c >&5
configure:8065: $? = 0
configure:8065: result: yes
configure:8321: checking for objdir
configure:8336: result: .libs
configure:8600: checking if gcc supports -fno-rtti -fno-exceptions
configure:8618: gcc -c -march=x86-64 -mtune=generic -O2 -pipe -fno-plt -DNDEBUG -DG_DISABLE_ASSERT -fno-strict-aliasing -D_FORTIFY_SOURCE=2 -fno-rtti -fno-exceptions conftest.c >&5
cc1: warning: command-line option '-fno-rtti' is valid for C++/D/ObjC++ but not for C
configure:8622: $? = 0
configure:8635: result: no
configure:8993: checking for gcc option to produce PIC
configure:9000: result: -fPIC -DPIC
configure:9008: checking if gcc PIC flag -fPIC -DPIC works
configure:9026: gcc -c -march=x86-64 -mtune=generic -O2 -pipe -fno-plt -DNDEBUG -DG_DISABLE_ASSERT -fno-strict-aliasing -D_FORTIFY_SOURCE=2 -fPIC -DPIC -DPIC conftest.c >&5
configure:9030: $? = 0
configure:9043: result: yes
configure:9072: checking if gcc static flag -static works
configure:9100: result: yes
configure:9115: checking if gcc supports -c -o file.o
configure:9136: gcc -c -march=x86-64 -mtune=generic -O2 -pipe -fno-plt -DNDEBUG -DG_DISABLE_ASSERT -fno-strict-aliasing -D_FORTIFY_SOURCE=2 -o out/conftest2.o conftest.c >&5
configure:9140: $? = 0
configure:9162: result: yes
configure:9170: checking if gcc supports -c -o file.o
configure:9217: result: yes
configure:9250: checking whether the gcc linker (/usr/sbin/ld -m elf_x86_64) supports shared libraries
configure:10509: result: yes
configure:10546: checking whether -lc should be explicitly linked in
configure:10554: gcc -c -march=x86-64 -mtune=generic -O2 -pipe -fno-plt -DNDEBUG -DG_DISABLE_ASSERT -fno-strict-aliasing -D_FORTIFY_SOURCE=2 conftest.c >&5
configure:10557: $? = 0
configure:10572: gcc -shared  -fPIC -DPIC conftest.o  -v -Wl,-soname -Wl,conftest -o conftest 2\>\&1 \| /usr/sbin/grep  -lc  \>/dev/null 2\>\&1
configure:10575: $? = 0
configure:10589: result: no
configure:10749: checking dynamic linker characteristics
configure:11343: gcc -o conftest -march=x86-64 -mtune=generic -O2 -pipe -fno-plt -DNDEBUG -DG_DISABLE_ASSERT -fno-strict-aliasing -D_FORTIFY_SOURCE=2 -Wl,-O1,--sort-common,--as-needed,-z,relro,-z,now -Wl,-rpath -Wl,/foo conftest.c   >&5
configure:11343: $? = 0
configure:11580: result: GNU/Linux ld.so
configure:11702: checking how to hardcode library paths into programs
configure:11727: result: immediate
configure:12275: checking whether stripping libraries is possible
configure:12280: result: yes
configure:12315: checking if libtool supports shared libraries
configure:12317: result: yes
configure:12320: checking whether to build shared libraries
configure:12345: result: yes
configure:12348: checking whether to build static libraries
configure:12352: result: yes
configure:9175: checking whether NLS is requested
configure:9184: result: yes
configure:9222: checking for msgfmt
configure: trying /usr/sbin/msgfmt...
0 translated messages.
configure:9254: result: /usr/sbin/msgfmt
configure:9263: checking for gmsgfmt
configure:9294: result: /usr/sbin/msgfmt
configure:9345: checking for xgettext
configure: trying /usr/sbin/xgettext...
/usr/sbin/xgettext: warning: file '/dev/null' extension '' is unknown; will try C
configure:9377: result: /usr/sbin/xgettext
configure:9423: checking for msgmerge
configure: trying /usr/sbin/msgmerge...
configure:9454: result: /usr/sbin/msgmerge
configure:9508: checking for ld used by GCC
configure:9572: result: /usr/sbin/ld -m elf_x86_64
configure:9579: checking if the linker (/usr/sbin/ld -m elf_x86_64) is GNU ld
configure:9592: result: yes
configure:9599: checking for shared library run path origin
configure:9612: result: done
configure:10048: checking for CFPreferencesCopyAppValue
configure:10066: gcc -o conftest -march=x86-64 -mtune=generic -O2 -pipe -fno-plt -DNDEBUG -DG_DISABLE_ASSERT -fno-strict-aliasing -D_FORTIFY_SOURCE=2 -Wl,-O1,--sort-common,--as-needed,-z,relro,-z,now conftest.c   -Wl,-framework -Wl,CoreFoundation >&5
conftest.c:23:10: fatal error: CoreFoundation/CFPreferences.h: No such file or directory
   23 | #include <CoreFoundation/CFPreferences.h>
      |          ^~~~~~~~~~~~~~~~~~~~~~~~~~~~~~~~
compilation terminated.
configure:10066: $? = 1
configure: failed program was:
| /* confdefs.h */
| #define PACKAGE_NAME "openbox"
| #define PACKAGE_TARNAME "openbox"
| #define PACKAGE_VERSION "3.6.1"
| #define PACKAGE_STRING "openbox 3.6.1"
| #define PACKAGE_BUGREPORT "http://bugzilla.icculus.org"
| #define PACKAGE_URL ""
| #define PACKAGE "openbox"
| #define VERSION "3.6.1"
| #define STDC_HEADERS 1
| #define HAVE_SYS_TYPES_H 1
| #define HAVE_SYS_STAT_H 1
| #define HAVE_STDLIB_H 1
| #define HAVE_STRING_H 1
| #define HAVE_MEMORY_H 1
| #define HAVE_STRINGS_H 1
| #define HAVE_INTTYPES_H 1
| #define HAVE_STDINT_H 1
| #define HAVE_UNISTD_H 1
| #define HAVE_DLFCN_H 1
| #define LT_OBJDIR ".libs/"
| /* end confdefs.h.  */
| #include <CoreFoundation/CFPreferences.h>
| int
| main ()
| {
| CFPreferencesCopyAppValue(NULL, NULL)
|   ;
|   return 0;
| }
configure:10075: result: no
configure:10082: checking for CFLocaleCopyCurrent
configure:10100: gcc -o conftest -march=x86-64 -mtune=generic -O2 -pipe -fno-plt -DNDEBUG -DG_DISABLE_ASSERT -fno-strict-aliasing -D_FORTIFY_SOURCE=2 -Wl,-O1,--sort-common,--as-needed,-z,relro,-z,now conftest.c   -Wl,-framework -Wl,CoreFoundation >&5
conftest.c:23:10: fatal error: CoreFoundation/CFLocale.h: No such file or directory
   23 | #include <CoreFoundation/CFLocale.h>
      |          ^~~~~~~~~~~~~~~~~~~~~~~~~~~
compilation terminated.
configure:10100: $? = 1
configure: failed program was:
| /* confdefs.h */
| #define PACKAGE_NAME "openbox"
| #define PACKAGE_TARNAME "openbox"
| #define PACKAGE_VERSION "3.6.1"
| #define PACKAGE_STRING "openbox 3.6.1"
| #define PACKAGE_BUGREPORT "http://bugzilla.icculus.org"
| #define PACKAGE_URL ""
| #define PACKAGE "openbox"
| #define VERSION "3.6.1"
| #define STDC_HEADERS 1
| #define HAVE_SYS_TYPES_H 1
| #define HAVE_SYS_STAT_H 1
| #define HAVE_STDLIB_H 1
| #define HAVE_STRING_H 1
| #define HAVE_MEMORY_H 1
| #define HAVE_STRINGS_H 1
| #define HAVE_INTTYPES_H 1
| #define HAVE_STDINT_H 1
| #define HAVE_UNISTD_H 1
| #define HAVE_DLFCN_H 1
| #define LT_OBJDIR ".libs/"
| /* end confdefs.h.  */
| #include <CoreFoundation/CFLocale.h>
| int
| main ()
| {
| CFLocaleCopyCurrent();
|   ;
|   return 0;
| }
configure:10109: result: no
configure:10138: checking for GNU gettext in libc
configure:10157: gcc -o conftest -march=x86-64 -mtune=generic -O2 -pipe -fno-plt -DNDEBUG -DG_DISABLE_ASSERT -fno-strict-aliasing -D_FORTIFY_SOURCE=2 -Wl,-O1,--sort-common,--as-needed,-z,relro,-z,now conftest.c   >&5
configure:10157: $? = 0
configure:10165: result: yes
configure:10754: checking whether to use NLS
configure:10756: result: yes
configure:10759: checking where the gettext function comes from
configure:10770: result: libc
configure:10831: checking ctype.h usability
configure:10831: gcc -c -march=x86-64 -mtune=generic -O2 -pipe -fno-plt -DNDEBUG -DG_DISABLE_ASSERT -fno-strict-aliasing -D_FORTIFY_SOURCE=2 conftest.c >&5
configure:10831: $? = 0
configure:10831: result: yes
configure:10831: checking ctype.h presence
configure:10831: gcc -E -D_FORTIFY_SOURCE=2 conftest.c
In file included from /usr/include/ctype.h:25,
                 from conftest.c:26:
/usr/include/features.h:397:4: warning: #warning _FORTIFY_SOURCE requires compiling with optimization (-O) [-Wcpp]
  397 | #  warning _FORTIFY_SOURCE requires compiling with optimization (-O)
      |    ^~~~~~~
configure:10831: $? = 0
configure:10831: result: yes
configure:10831: checking for ctype.h
configure:10831: result: yes
configure:10831: checking dirent.h usability
configure:10831: gcc -c -march=x86-64 -mtune=generic -O2 -pipe -fno-plt -DNDEBUG -DG_DISABLE_ASSERT -fno-strict-aliasing -D_FORTIFY_SOURCE=2 conftest.c >&5
configure:10831: $? = 0
configure:10831: result: yes
configure:10831: checking dirent.h presence
configure:10831: gcc -E -D_FORTIFY_SOURCE=2 conftest.c
In file included from /usr/include/dirent.h:25,
                 from conftest.c:27:
/usr/include/features.h:397:4: warning: #warning _FORTIFY_SOURCE requires compiling with optimization (-O) [-Wcpp]
  397 | #  warning _FORTIFY_SOURCE requires compiling with optimization (-O)
      |    ^~~~~~~
configure:10831: $? = 0
configure:10831: result: yes
configure:10831: checking for dirent.h
configure:10831: result: yes
configure:10831: checking errno.h usability
configure:10831: gcc -c -march=x86-64 -mtune=generic -O2 -pipe -fno-plt -DNDEBUG -DG_DISABLE_ASSERT -fno-strict-aliasing -D_FORTIFY_SOURCE=2 conftest.c >&5
configure:10831: $? = 0
configure:10831: result: yes
configure:10831: checking errno.h presence
configure:10831: gcc -E -D_FORTIFY_SOURCE=2 conftest.c
In file included from /usr/include/errno.h:25,
                 from conftest.c:28:
/usr/include/features.h:397:4: warning: #warning _FORTIFY_SOURCE requires compiling with optimization (-O) [-Wcpp]
  397 | #  warning _FORTIFY_SOURCE requires compiling with optimization (-O)
      |    ^~~~~~~
configure:10831: $? = 0
configure:10831: result: yes
configure:10831: checking for errno.h
configure:10831: result: yes
configure:10831: checking fcntl.h usability
configure:10831: gcc -c -march=x86-64 -mtune=generic -O2 -pipe -fno-plt -DNDEBUG -DG_DISABLE_ASSERT -fno-strict-aliasing -D_FORTIFY_SOURCE=2 conftest.c >&5
configure:10831: $? = 0
configure:10831: result: yes
configure:10831: checking fcntl.h presence
configure:10831: gcc -E -D_FORTIFY_SOURCE=2 conftest.c
In file included from /usr/include/fcntl.h:25,
                 from conftest.c:29:
/usr/include/features.h:397:4: warning: #warning _FORTIFY_SOURCE requires compiling with optimization (-O) [-Wcpp]
  397 | #  warning _FORTIFY_SOURCE requires compiling with optimization (-O)
      |    ^~~~~~~
configure:10831: $? = 0
configure:10831: result: yes
configure:10831: checking for fcntl.h
configure:10831: result: yes
configure:10831: checking grp.h usability
configure:10831: gcc -c -march=x86-64 -mtune=generic -O2 -pipe -fno-plt -DNDEBUG -DG_DISABLE_ASSERT -fno-strict-aliasing -D_FORTIFY_SOURCE=2 conftest.c >&5
configure:10831: $? = 0
configure:10831: result: yes
configure:10831: checking grp.h presence
configure:10831: gcc -E -D_FORTIFY_SOURCE=2 conftest.c
In file included from /usr/include/grp.h:25,
                 from conftest.c:30:
/usr/include/features.h:397:4: warning: #warning _FORTIFY_SOURCE requires compiling with optimization (-O) [-Wcpp]
  397 | #  warning _FORTIFY_SOURCE requires compiling with optimization (-O)
      |    ^~~~~~~
configure:10831: $? = 0
configure:10831: result: yes
configure:10831: checking for grp.h
configure:10831: result: yes
configure:10831: checking locale.h usability
configure:10831: gcc -c -march=x86-64 -mtune=generic -O2 -pipe -fno-plt -DNDEBUG -DG_DISABLE_ASSERT -fno-strict-aliasing -D_FORTIFY_SOURCE=2 conftest.c >&5
configure:10831: $? = 0
configure:10831: result: yes
configure:10831: checking locale.h presence
configure:10831: gcc -E -D_FORTIFY_SOURCE=2 conftest.c
In file included from /usr/include/locale.h:25,
                 from conftest.c:31:
/usr/include/features.h:397:4: warning: #warning _FORTIFY_SOURCE requires compiling with optimization (-O) [-Wcpp]
  397 | #  warning _FORTIFY_SOURCE requires compiling with optimization (-O)
      |    ^~~~~~~
configure:10831: $? = 0
configure:10831: result: yes
configure:10831: checking for locale.h
configure:10831: result: yes
configure:10831: checking pwd.h usability
configure:10831: gcc -c -march=x86-64 -mtune=generic -O2 -pipe -fno-plt -DNDEBUG -DG_DISABLE_ASSERT -fno-strict-aliasing -D_FORTIFY_SOURCE=2 conftest.c >&5
configure:10831: $? = 0
configure:10831: result: yes
configure:10831: checking pwd.h presence
configure:10831: gcc -E -D_FORTIFY_SOURCE=2 conftest.c
In file included from /usr/include/pwd.h:25,
                 from conftest.c:32:
/usr/include/features.h:397:4: warning: #warning _FORTIFY_SOURCE requires compiling with optimization (-O) [-Wcpp]
  397 | #  warning _FORTIFY_SOURCE requires compiling with optimization (-O)
      |    ^~~~~~~
configure:10831: $? = 0
configure:10831: result: yes
configure:10831: checking for pwd.h
configure:10831: result: yes
configure:10844: checking signal.h usability
configure:10844: gcc -c -march=x86-64 -mtune=generic -O2 -pipe -fno-plt -DNDEBUG -DG_DISABLE_ASSERT -fno-strict-aliasing -D_FORTIFY_SOURCE=2 conftest.c >&5
configure:10844: $? = 0
configure:10844: result: yes
configure:10844: checking signal.h presence
configure:10844: gcc -E -D_FORTIFY_SOURCE=2 conftest.c
In file included from /usr/include/signal.h:25,
                 from conftest.c:33:
/usr/include/features.h:397:4: warning: #warning _FORTIFY_SOURCE requires compiling with optimization (-O) [-Wcpp]
  397 | #  warning _FORTIFY_SOURCE requires compiling with optimization (-O)
      |    ^~~~~~~
configure:10844: $? = 0
configure:10844: result: yes
configure:10844: checking for signal.h
configure:10844: result: yes
configure:10844: checking for string.h
configure:10844: result: yes
configure:10844: checking stdio.h usability
configure:10844: gcc -c -march=x86-64 -mtune=generic -O2 -pipe -fno-plt -DNDEBUG -DG_DISABLE_ASSERT -fno-strict-aliasing -D_FORTIFY_SOURCE=2 conftest.c >&5
configure:10844: $? = 0
configure:10844: result: yes
configure:10844: checking stdio.h presence
configure:10844: gcc -E -D_FORTIFY_SOURCE=2 conftest.c
In file included from /usr/include/bits/libc-header-start.h:33,
                 from /usr/include/stdio.h:27,
                 from conftest.c:35:
/usr/include/features.h:397:4: warning: #warning _FORTIFY_SOURCE requires compiling with optimization (-O) [-Wcpp]
  397 | #  warning _FORTIFY_SOURCE requires compiling with optimization (-O)
      |    ^~~~~~~
configure:10844: $? = 0
configure:10844: result: yes
configure:10844: checking for stdio.h
configure:10844: result: yes
configure:10844: checking for stdlib.h
configure:10844: result: yes
configure:10844: checking for unistd.h
configure:10844: result: yes
configure:10844: checking for sys/stat.h
configure:10844: result: yes
configure:10857: checking sys/select.h usability
configure:10857: gcc -c -march=x86-64 -mtune=generic -O2 -pipe -fno-plt -DNDEBUG -DG_DISABLE_ASSERT -fno-strict-aliasing -D_FORTIFY_SOURCE=2 conftest.c >&5
configure:10857: $? = 0
configure:10857: result: yes
configure:10857: checking sys/select.h presence
configure:10857: gcc -E -D_FORTIFY_SOURCE=2 conftest.c
In file included from /usr/include/sys/select.h:24,
                 from conftest.c:39:
/usr/include/features.h:397:4: warning: #warning _FORTIFY_SOURCE requires compiling with optimization (-O) [-Wcpp]
  397 | #  warning _FORTIFY_SOURCE requires compiling with optimization (-O)
      |    ^~~~~~~
configure:10857: $? = 0
configure:10857: result: yes
configure:10857: checking for sys/select.h
configure:10857: result: yes
configure:10857: checking sys/socket.h usability
configure:10857: gcc -c -march=x86-64 -mtune=generic -O2 -pipe -fno-plt -DNDEBUG -DG_DISABLE_ASSERT -fno-strict-aliasing -D_FORTIFY_SOURCE=2 conftest.c >&5
configure:10857: $? = 0
configure:10857: result: yes
configure:10857: checking sys/socket.h presence
configure:10857: gcc -E -D_FORTIFY_SOURCE=2 conftest.c
In file included from /usr/include/sys/socket.h:22,
                 from conftest.c:40:
/usr/include/features.h:397:4: warning: #warning _FORTIFY_SOURCE requires compiling with optimization (-O) [-Wcpp]
  397 | #  warning _FORTIFY_SOURCE requires compiling with optimization (-O)
      |    ^~~~~~~
configure:10857: $? = 0
configure:10857: result: yes
configure:10857: checking for sys/socket.h
configure:10857: result: yes
configure:10857: checking sys/time.h usability
configure:10857: gcc -c -march=x86-64 -mtune=generic -O2 -pipe -fno-plt -DNDEBUG -DG_DISABLE_ASSERT -fno-strict-aliasing -D_FORTIFY_SOURCE=2 conftest.c >&5
configure:10857: $? = 0
configure:10857: result: yes
configure:10857: checking sys/time.h presence
configure:10857: gcc -E -D_FORTIFY_SOURCE=2 conftest.c
In file included from /usr/include/sys/time.h:21,
                 from conftest.c:41:
/usr/include/features.h:397:4: warning: #warning _FORTIFY_SOURCE requires compiling with optimization (-O) [-Wcpp]
  397 | #  warning _FORTIFY_SOURCE requires compiling with optimization (-O)
      |    ^~~~~~~
configure:10857: $? = 0
configure:10857: result: yes
configure:10857: checking for sys/time.h
configure:10857: result: yes
configure:10857: checking for sys/types.h
configure:10857: result: yes
configure:10857: checking sys/wait.h usability
configure:10857: gcc -c -march=x86-64 -mtune=generic -O2 -pipe -fno-plt -DNDEBUG -DG_DISABLE_ASSERT -fno-strict-aliasing -D_FORTIFY_SOURCE=2 conftest.c >&5
configure:10857: $? = 0
configure:10857: result: yes
configure:10857: checking sys/wait.h presence
configure:10857: gcc -E -D_FORTIFY_SOURCE=2 conftest.c
In file included from /usr/include/sys/wait.h:25,
                 from conftest.c:43:
/usr/include/features.h:397:4: warning: #warning _FORTIFY_SOURCE requires compiling with optimization (-O) [-Wcpp]
  397 | #  warning _FORTIFY_SOURCE requires compiling with optimization (-O)
      |    ^~~~~~~
configure:10857: $? = 0
configure:10857: result: yes
configure:10857: checking for sys/wait.h
configure:10857: result: yes
configure:10870: checking for sed
configure:10901: result: /usr/sbin/sed
configure:10915: checking for dirname
configure:10933: found /usr/sbin/dirname
configure:10946: result: /usr/sbin/dirname
configure:11012: checking for pkg-config
configure:11030: found /usr/sbin/pkg-config
configure:11042: result: /usr/sbin/pkg-config
configure:11067: checking pkg-config is at least version 0.9.0
configure:11070: result: yes
configure:11080: checking for GLIB
configure:11087: $PKG_CONFIG --exists --print-errors "glib-2.0 >= 2.14.0"
configure:11090: $? = 0
configure:11104: $PKG_CONFIG --exists --print-errors "glib-2.0 >= 2.14.0"
configure:11107: $? = 0
configure:11165: result: yes
configure:11174: checking for PANGO
configure:11181: $PKG_CONFIG --exists --print-errors "pango >= 1.8.0 pangoxft >= 1.8.0"
configure:11184: $? = 0
configure:11198: $PKG_CONFIG --exists --print-errors "pango >= 1.8.0 pangoxft >= 1.8.0"
configure:11201: $? = 0
configure:11259: result: yes
configure:11268: checking for XML
configure:11275: $PKG_CONFIG --exists --print-errors "libxml-2.0 >= 2.6.0"
configure:11278: $? = 0
configure:11292: $PKG_CONFIG --exists --print-errors "libxml-2.0 >= 2.6.0"
configure:11295: $? = 0
configure:11353: result: yes
configure:11372: checking for LIBSN
configure:11379: $PKG_CONFIG --exists --print-errors "libstartup-notification-1.0 >= 0.8"
configure:11382: $? = 0
configure:11396: $PKG_CONFIG --exists --print-errors "libstartup-notification-1.0 >= 0.8"
configure:11399: $? = 0
configure:11443: result: yes
configure:11470: checking for XCURSOR
configure:11477: $PKG_CONFIG --exists --print-errors "xcursor"
configure:11480: $? = 0
configure:11494: $PKG_CONFIG --exists --print-errors "xcursor"
configure:11497: $? = 0
configure:11541: result: yes
configure:11568: checking for IMLIB2
configure:11575: $PKG_CONFIG --exists --print-errors "imlib2"
configure:11578: $? = 0
configure:11592: $PKG_CONFIG --exists --print-errors "imlib2"
configure:11595: $? = 0
configure:11639: result: yes
configure:11678: checking for LIBRSVG
configure:11685: $PKG_CONFIG --exists --print-errors "librsvg-2.0"
configure:11688: $? = 0
configure:11702: $PKG_CONFIG --exists --print-errors "librsvg-2.0"
configure:11705: $? = 0
configure:11749: result: yes
configure:11776: checking for X
configure:11884: gcc -E -D_FORTIFY_SOURCE=2 conftest.c
In file included from /usr/include/sys/types.h:25,
                 from /usr/include/X11/Xlib.h:38,
                 from conftest.c:48:
/usr/include/features.h:397:4: warning: #warning _FORTIFY_SOURCE requires compiling with optimization (-O) [-Wcpp]
  397 | #  warning _FORTIFY_SOURCE requires compiling with optimization (-O)
      |    ^~~~~~~
configure:11884: $? = 0
configure:11915: gcc -o conftest -march=x86-64 -mtune=generic -O2 -pipe -fno-plt -DNDEBUG -DG_DISABLE_ASSERT -fno-strict-aliasing -D_FORTIFY_SOURCE=2 -Wl,-O1,--sort-common,--as-needed,-z,relro,-z,now conftest.c -lX11   >&5
configure:11915: $? = 0
configure:11965: result: libraries , headers 
configure:12065: gcc -o conftest -march=x86-64 -mtune=generic -O2 -pipe -fno-plt -DNDEBUG -DG_DISABLE_ASSERT -fno-strict-aliasing -D_FORTIFY_SOURCE=2 -Wl,-O1,--sort-common,--as-needed,-z,relro,-z,now conftest.c    -lX11 >&5
configure:12065: $? = 0
configure:12163: checking for gethostbyname
configure:12163: gcc -o conftest -march=x86-64 -mtune=generic -O2 -pipe -fno-plt -DNDEBUG -DG_DISABLE_ASSERT -fno-strict-aliasing -D_FORTIFY_SOURCE=2 -Wl,-O1,--sort-common,--as-needed,-z,relro,-z,now conftest.c   >&5
configure:12163: $? = 0
configure:12163: result: yes
configure:12260: checking for connect
configure:12260: gcc -o conftest -march=x86-64 -mtune=generic -O2 -pipe -fno-plt -DNDEBUG -DG_DISABLE_ASSERT -fno-strict-aliasing -D_FORTIFY_SOURCE=2 -Wl,-O1,--sort-common,--as-needed,-z,relro,-z,now conftest.c   >&5
configure:12260: $? = 0
configure:12260: result: yes
configure:12309: checking for remove
configure:12309: gcc -o conftest -march=x86-64 -mtune=generic -O2 -pipe -fno-plt -DNDEBUG -DG_DISABLE_ASSERT -fno-strict-aliasing -D_FORTIFY_SOURCE=2 -Wl,-O1,--sort-common,--as-needed,-z,relro,-z,now conftest.c   >&5
configure:12309: $? = 0
configure:12309: result: yes
configure:12358: checking for shmat
configure:12358: gcc -o conftest -march=x86-64 -mtune=generic -O2 -pipe -fno-plt -DNDEBUG -DG_DISABLE_ASSERT -fno-strict-aliasing -D_FORTIFY_SOURCE=2 -Wl,-O1,--sort-common,--as-needed,-z,relro,-z,now conftest.c   >&5
configure:12358: $? = 0
configure:12358: result: yes
configure:12416: checking for IceConnectionNumber in -lICE
configure:12441: gcc -o conftest -march=x86-64 -mtune=generic -O2 -pipe -fno-plt -DNDEBUG -DG_DISABLE_ASSERT -fno-strict-aliasing -D_FORTIFY_SOURCE=2 -Wl,-O1,--sort-common,--as-needed,-z,relro,-z,now conftest.c -lICE    >&5
configure:12441: $? = 0
configure:12450: result: yes
configure:12472: checking for XOpenDisplay in -lX11
configure:12497: gcc -o conftest -march=x86-64 -mtune=generic -O2 -pipe -fno-plt -DNDEBUG -DG_DISABLE_ASSERT -fno-strict-aliasing -D_FORTIFY_SOURCE=2  -Wl,-O1,--sort-common,--as-needed,-z,relro,-z,now conftest.c -lX11     -lSM -lICE  -lX11 >&5
configure:12497: $? = 0
configure:12506: result: yes
configure:12547: checking for SmcSaveYourselfDone in -lSM
configure:12572: gcc -o conftest -march=x86-64 -mtune=generic -O2 -pipe -fno-plt -DNDEBUG -DG_DISABLE_ASSERT -fno-strict-aliasing -D_FORTIFY_SOURCE=2  -Wl,-O1,--sort-common,--as-needed,-z,relro,-z,now conftest.c -lSM     -lSM -lICE  -lX11 >&5
configure:12572: $? = 0
configure:12581: result: yes
configure:12587: checking X11/SM/SMlib.h usability
configure:12587: gcc -c -march=x86-64 -mtune=generic -O2 -pipe -fno-plt -DNDEBUG -DG_DISABLE_ASSERT -fno-strict-aliasing -D_FORTIFY_SOURCE=2  conftest.c >&5
configure:12587: $? = 0
configure:12587: result: yes
configure:12587: checking X11/SM/SMlib.h presence
configure:12587: gcc -E -D_FORTIFY_SOURCE=2  conftest.c
configure:12587: $? = 0
configure:12587: result: yes
configure:12587: checking for X11/SM/SMlib.h
configure:12587: result: yes
configure:12614: checking for session management support
configure:12617: result: yes
configure:12648: checking for XkbBell in -lX11
configure:12673: gcc -o conftest -march=x86-64 -mtune=generic -O2 -pipe -fno-plt -DNDEBUG -DG_DISABLE_ASSERT -fno-strict-aliasing -D_FORTIFY_SOURCE=2  -Wl,-O1,--sort-common,--as-needed,-z,relro,-z,now conftest.c -lX11     -lSM -lICE  -lX11 >&5
configure:12673: $? = 0
configure:12682: result: yes
configure:12685: checking for X11/XKBlib.h
configure:12706: gcc -o conftest -march=x86-64 -mtune=generic -O2 -pipe -fno-plt -DNDEBUG -DG_DISABLE_ASSERT -fno-strict-aliasing -D_FORTIFY_SOURCE=2  -Wl,-O1,--sort-common,--as-needed,-z,relro,-z,now conftest.c    -lSM -lICE  -lX11 >&5
configure:12706: $? = 0
configure:12708: result: yes
configure:12737: checking for the Xkb extension
configure:12740: result: yes
configure:12766: checking for XRRSelectInput in -lXrandr
configure:12791: gcc -o conftest -march=x86-64 -mtune=generic -O2 -pipe -fno-plt -DNDEBUG -DG_DISABLE_ASSERT -fno-strict-aliasing -D_FORTIFY_SOURCE=2  -Wl,-O1,--sort-common,--as-needed,-z,relro,-z,now conftest.c -lXrandr     -lSM -lICE  -lX11 -lXext -lXrender -lXrandr >&5
configure:12791: $? = 0
configure:12800: result: yes
configure:12803: checking for X11/extensions/Xrandr.h
configure:12825: gcc -o conftest -march=x86-64 -mtune=generic -O2 -pipe -fno-plt -DNDEBUG -DG_DISABLE_ASSERT -fno-strict-aliasing -D_FORTIFY_SOURCE=2  -Wl,-O1,--sort-common,--as-needed,-z,relro,-z,now conftest.c    -lSM -lICE  -lX11 -lXext -lXrender -lXrandr >&5
configure:12825: $? = 0
configure:12827: result: yes
configure:12856: checking for the XRandR extension
configure:12859: result: yes
configure:12885: checking for XShapeCombineShape in -lXext
configure:12910: gcc -o conftest -march=x86-64 -mtune=generic -O2 -pipe -fno-plt -DNDEBUG -DG_DISABLE_ASSERT -fno-strict-aliasing -D_FORTIFY_SOURCE=2  -Wl,-O1,--sort-common,--as-needed,-z,relro,-z,now conftest.c -lXext     -lSM -lICE  -lX11 >&5
configure:12910: $? = 0
configure:12919: result: yes
configure:12922: checking for X11/extensions/shape.h
configure:12941: gcc -o conftest -march=x86-64 -mtune=generic -O2 -pipe -fno-plt -DNDEBUG -DG_DISABLE_ASSERT -fno-strict-aliasing -D_FORTIFY_SOURCE=2  -Wl,-O1,--sort-common,--as-needed,-z,relro,-z,now conftest.c    -lSM -lICE  -lX11 >&5
configure:12941: $? = 0
configure:12943: result: yes
configure:12972: checking for the Shape extension
configure:12975: result: yes
configure:13001: checking for XineramaQueryExtension in -lXinerama
configure:13026: gcc -o conftest -march=x86-64 -mtune=generic -O2 -pipe -fno-plt -DNDEBUG -DG_DISABLE_ASSERT -fno-strict-aliasing -D_FORTIFY_SOURCE=2  -Wl,-O1,--sort-common,--as-needed,-z,relro,-z,now conftest.c -lXinerama     -lSM -lICE  -lX11 -lXext >&5
configure:13026: $? = 0
configure:13035: result: yes
configure:13039: checking for X11/extensions/Xinerama.h
configure:13057: gcc -o conftest -march=x86-64 -mtune=generic -O2 -pipe -fno-plt -DNDEBUG -DG_DISABLE_ASSERT -fno-strict-aliasing -D_FORTIFY_SOURCE=2  -Wl,-O1,--sort-common,--as-needed,-z,relro,-z,now conftest.c    -lSM -lICE  -lX11 -lXext >&5
configure:13057: $? = 0
configure:13059: result: yes
configure:13085: checking for the Xinerama extension
configure:13088: result: yes
configure:13114: checking for XSyncInitialize in -lXext
configure:13139: gcc -o conftest -march=x86-64 -mtune=generic -O2 -pipe -fno-plt -DNDEBUG -DG_DISABLE_ASSERT -fno-strict-aliasing -D_FORTIFY_SOURCE=2  -Wl,-O1,--sort-common,--as-needed,-z,relro,-z,now conftest.c -lXext     -lSM -lICE  -lX11 >&5
configure:13139: $? = 0
configure:13148: result: yes
configure:13151: checking for X11/extensions/sync.h
configure:13170: gcc -o conftest -march=x86-64 -mtune=generic -O2 -pipe -fno-plt -DNDEBUG -DG_DISABLE_ASSERT -fno-strict-aliasing -D_FORTIFY_SOURCE=2  -Wl,-O1,--sort-common,--as-needed,-z,relro,-z,now conftest.c    -lSM -lICE  -lX11 >&5
configure:13170: $? = 0
configure:13172: result: yes
configure:13201: checking for the Sync extension
configure:13204: result: yes
configure:13221: checking for XauReadAuth in -lXau
configure:13246: gcc -o conftest -march=x86-64 -mtune=generic -O2 -pipe -fno-plt -DNDEBUG -DG_DISABLE_ASSERT -fno-strict-aliasing -D_FORTIFY_SOURCE=2  -Wl,-O1,--sort-common,--as-needed,-z,relro,-z,now conftest.c -lXau     -lSM -lICE  -lX11 >&5
configure:13246: $? = 0
configure:13255: result: yes
configure:13258: checking for X11/Xauth.h
configure:13276: gcc -o conftest -march=x86-64 -mtune=generic -O2 -pipe -fno-plt -DNDEBUG -DG_DISABLE_ASSERT -fno-strict-aliasing -D_FORTIFY_SOURCE=2  -Wl,-O1,--sort-common,--as-needed,-z,relro,-z,now conftest.c    -lSM -lICE  -lX11 >&5
configure:13276: $? = 0
configure:13278: result: yes
configure:13306: checking for the Xauth extension
configure:13309: result: yes
configure:13491: creating ./config.status

## ---------------------- ##
## Running config.status. ##
## ---------------------- ##

This file was extended by openbox config.status 3.6.1, which was
generated by GNU Autoconf 2.69.  Invocation command line was

  CONFIG_FILES    = 
  CONFIG_HEADERS  = 
  CONFIG_LINKS    = 
  CONFIG_COMMANDS = 
  $ ./config.status 

on ec009d8a86ec

config.status:1107: creating Makefile
config.status:1107: creating m4/Makefile
config.status:1107: creating po/Makefile.in
config.status:1107: creating obrender/obrender-3.5.pc
config.status:1107: creating obt/obt-3.5.pc
config.status:1107: creating obrender/version.h
config.status:1107: creating obt/version.h
config.status:1107: creating version.h
config.status:1279: executing depfiles commands
config.status:1279: executing libtool commands
config.status:1279: executing po-directories commands
config.status:1279: executing doc commands
config.status:1279: executing data commands
config.status:1279: executing data/xsession commands
configure:15584: result: 
configure:15592: result: Compiling with these options:
               Startup Notification... yes
               X Cursor Library... yes
               Session Management... yes
               Imlib2 Library... yes
               SVG Support (librsvg)... yes
               
configure:15600: result: configure complete, now type "make"

## ---------------- ##
## Cache variables. ##
## ---------------- ##

ac_cv_build=x86_64-unknown-linux-gnu
ac_cv_c_compiler_gnu=yes
ac_cv_c_const=yes
ac_cv_c_inline=inline
ac_cv_env_CC_set=
ac_cv_env_CC_value=
ac_cv_env_CFLAGS_set=set
ac_cv_env_CFLAGS_value='-march=x86-64 -mtune=generic -O2 -pipe -fno-plt'
ac_cv_env_CPPFLAGS_set=set
ac_cv_env_CPPFLAGS_value=-D_FORTIFY_SOURCE=2
ac_cv_env_CPP_set=
ac_cv_env_CPP_value=
ac_cv_env_GLIB_CFLAGS_set=
ac_cv_env_GLIB_CFLAGS_value=
ac_cv_env_GLIB_LIBS_set=
ac_cv_env_GLIB_LIBS_value=
ac_cv_env_IMLIB2_CFLAGS_set=
ac_cv_env_IMLIB2_CFLAGS_value=
ac_cv_env_IMLIB2_LIBS_set=
ac_cv_env_IMLIB2_LIBS_value=
ac_cv_env_LDFLAGS_set=set
ac_cv_env_LDFLAGS_value=-Wl,-O1,--sort-common,--as-needed,-z,relro,-z,now
ac_cv_env_LIBRSVG_CFLAGS_set=
ac_cv_env_LIBRSVG_CFLAGS_value=
ac_cv_env_LIBRSVG_LIBS_set=
ac_cv_env_LIBRSVG_LIBS_value=
ac_cv_env_LIBSN_CFLAGS_set=
ac_cv_env_LIBSN_CFLAGS_value=
ac_cv_env_LIBSN_LIBS_set=
ac_cv_env_LIBSN_LIBS_value=
ac_cv_env_LIBS_set=
ac_cv_env_LIBS_value=
ac_cv_env_LT_SYS_LIBRARY_PATH_set=
ac_cv_env_LT_SYS_LIBRARY_PATH_value=
ac_cv_env_PANGO_CFLAGS_set=
ac_cv_env_PANGO_CFLAGS_value=
ac_cv_env_PANGO_LIBS_set=
ac_cv_env_PANGO_LIBS_value=
ac_cv_env_PKG_CONFIG_LIBDIR_set=
ac_cv_env_PKG_CONFIG_LIBDIR_value=
ac_cv_env_PKG_CONFIG_PATH_set=
ac_cv_env_PKG_CONFIG_PATH_value=
ac_cv_env_PKG_CONFIG_set=
ac_cv_env_PKG_CONFIG_value=
ac_cv_env_XCURSOR_CFLAGS_set=
ac_cv_env_XCURSOR_CFLAGS_value=
ac_cv_env_XCURSOR_LIBS_set=
ac_cv_env_XCURSOR_LIBS_value=
ac_cv_env_XMKMF_set=
ac_cv_env_XMKMF_value=
ac_cv_env_XML_CFLAGS_set=
ac_cv_env_XML_CFLAGS_value=
ac_cv_env_XML_LIBS_set=
ac_cv_env_XML_LIBS_value=
ac_cv_env_build_alias_set=
ac_cv_env_build_alias_value=
ac_cv_env_host_alias_set=
ac_cv_env_host_alias_value=
ac_cv_env_target_alias_set=
ac_cv_env_target_alias_value=
ac_cv_func_connect=yes
ac_cv_func_gethostbyname=yes
ac_cv_func_remove=yes
ac_cv_func_shmat=yes
ac_cv_have_x='have_x=yes	ac_x_includes='\'''\''	ac_x_libraries='\'''\'''
ac_cv_header_X11_SM_SMlib_h=yes
ac_cv_header_ctype_h=yes
ac_cv_header_dirent_h=yes
ac_cv_header_dlfcn_h=yes
ac_cv_header_errno_h=yes
ac_cv_header_fcntl_h=yes
ac_cv_header_grp_h=yes
ac_cv_header_inttypes_h=yes
ac_cv_header_locale_h=yes
ac_cv_header_memory_h=yes
ac_cv_header_pwd_h=yes
ac_cv_header_signal_h=yes
ac_cv_header_stdc=yes
ac_cv_header_stdint_h=yes
ac_cv_header_stdio_h=yes
ac_cv_header_stdlib_h=yes
ac_cv_header_string_h=yes
ac_cv_header_strings_h=yes
ac_cv_header_sys_select_h=yes
ac_cv_header_sys_socket_h=yes
ac_cv_header_sys_stat_h=yes
ac_cv_header_sys_time_h=yes
ac_cv_header_sys_types_h=yes
ac_cv_header_sys_wait_h=yes
ac_cv_header_unistd_h=yes
ac_cv_host=x86_64-unknown-linux-gnu
ac_cv_lib_ICE_IceConnectionNumber=yes
ac_cv_lib_SM_SmcSaveYourselfDone=yes
ac_cv_lib_X11_XOpenDisplay=yes
ac_cv_lib_X11_XkbBell=yes
ac_cv_lib_Xau_XauReadAuth=yes
ac_cv_lib_Xext_XShapeCombineShape=yes
ac_cv_lib_Xext_XSyncInitialize=yes
ac_cv_lib_Xinerama_XineramaQueryExtension=yes
ac_cv_lib_Xrandr_XRRSelectInput=yes
ac_cv_objext=o
ac_cv_path_DIRNAME=/usr/sbin/dirname
ac_cv_path_EGREP='/usr/sbin/grep -E'
ac_cv_path_FGREP='/usr/sbin/grep -F'
ac_cv_path_GMSGFMT=/usr/sbin/msgfmt
ac_cv_path_GREP=/usr/sbin/grep
ac_cv_path_MSGFMT=/usr/sbin/msgfmt
ac_cv_path_MSGMERGE=/usr/sbin/msgmerge
ac_cv_path_SED=/usr/sbin/sed
ac_cv_path_XGETTEXT=/usr/sbin/xgettext
ac_cv_path_ac_pt_PKG_CONFIG=/usr/sbin/pkg-config
ac_cv_path_install='/usr/bin/install -c'
ac_cv_path_lt_DD=/usr/sbin/dd
ac_cv_path_mkdir=/usr/sbin/mkdir
ac_cv_prog_AWK=gawk
ac_cv_prog_CPP='gcc -E'
ac_cv_prog_ac_ct_AR=ar
ac_cv_prog_ac_ct_CC=gcc
ac_cv_prog_ac_ct_OBJDUMP=objdump
ac_cv_prog_ac_ct_RANLIB=ranlib
ac_cv_prog_ac_ct_STRIP=strip
ac_cv_prog_cc_c89=
ac_cv_prog_cc_g=yes
ac_cv_prog_cc_gcc_c_o=yes
ac_cv_prog_make_make_set=yes
acl_cv_hardcode_direct=no
acl_cv_hardcode_libdir_flag_spec='${wl}-rpath ${wl}$libdir'
acl_cv_hardcode_libdir_separator=
acl_cv_hardcode_minus_L=no
acl_cv_libext=a
acl_cv_path_LD='/usr/sbin/ld -m elf_x86_64'
acl_cv_prog_gnu_ld=yes
acl_cv_rpath=done
acl_cv_shlibext=so
acl_cv_wl=-Wl,
am_cv_CC_dependencies_compiler_type=gcc3
am_cv_make_support_nested_variables=yes
gt_cv_func_CFLocaleCopyCurrent=no
gt_cv_func_CFPreferencesCopyAppValue=no
gt_cv_func_gnugettext1_libc=yes
lt_cv_ar_at_file=@
lt_cv_archive_cmds_need_lc=no
lt_cv_deplibs_check_method=pass_all
lt_cv_file_magic_cmd='$MAGIC_CMD'
lt_cv_file_magic_test_file=
lt_cv_ld_reload_flag=-r
lt_cv_nm_interface='BSD nm'
lt_cv_objdir=.libs
lt_cv_path_LD=/usr/sbin/ld
lt_cv_path_NM='/usr/sbin/nm -B'
lt_cv_path_mainfest_tool=no
lt_cv_prog_compiler_c_o=yes
lt_cv_prog_compiler_pic='-fPIC -DPIC'
lt_cv_prog_compiler_pic_works=yes
lt_cv_prog_compiler_rtti_exceptions=no
lt_cv_prog_compiler_static_works=yes
lt_cv_prog_gnu_ld=yes
lt_cv_sharedlib_from_linklib_cmd='printf %s\n'
lt_cv_shlibpath_overrides_runpath=no
lt_cv_sys_global_symbol_pipe='sed -n -e '\''s/^.*[	 ]\([ABCDGIRSTW][ABCDGIRSTW]*\)[	 ][	 ]*\([_A-Za-z][_A-Za-z0-9]*\)$/\1 \2 \2/p'\'' | sed '\''/ __gnu_lto/d'\'''
lt_cv_sys_global_symbol_to_c_name_address='sed -n -e '\''s/^: \(.*\) .*$/  {"\1", (void *) 0},/p'\'' -e '\''s/^[ABCDGIRSTW][ABCDGIRSTW]* .* \(.*\)$/  {"\1", (void *) \&\1},/p'\'''
lt_cv_sys_global_symbol_to_c_name_address_lib_prefix='sed -n -e '\''s/^: \(.*\) .*$/  {"\1", (void *) 0},/p'\'' -e '\''s/^[ABCDGIRSTW][ABCDGIRSTW]* .* \(lib.*\)$/  {"\1", (void *) \&\1},/p'\'' -e '\''s/^[ABCDGIRSTW][ABCDGIRSTW]* .* \(.*\)$/  {"lib\1", (void *) \&\1},/p'\'''
lt_cv_sys_global_symbol_to_cdecl='sed -n -e '\''s/^T .* \(.*\)$/extern int \1();/p'\'' -e '\''s/^[ABCDGIRSTW][ABCDGIRSTW]* .* \(.*\)$/extern char \1;/p'\'''
lt_cv_sys_global_symbol_to_import=
lt_cv_sys_max_cmd_len=1572864
lt_cv_to_host_file_cmd=func_convert_file_noop
lt_cv_to_tool_file_cmd=func_convert_file_noop
lt_cv_truncate_bin='/usr/sbin/dd bs=4096 count=1'
pkg_cv_GLIB_CFLAGS='-I/usr/include/glib-2.0 -I/usr/lib/glib-2.0/include '
pkg_cv_GLIB_LIBS='-lglib-2.0 '
pkg_cv_IMLIB2_CFLAGS=
pkg_cv_IMLIB2_LIBS='-lImlib2 '
pkg_cv_LIBRSVG_CFLAGS='-I/usr/include/librsvg-2.0 -I/usr/include/glib-2.0 -I/usr/lib/glib-2.0/include -I/usr/include/libmount -I/usr/include/blkid -I/usr/include/gdk-pixbuf-2.0 -pthread -I/usr/include/cairo -I/usr/include/pixman-1 -I/usr/include/freetype2 -I/usr/include/libpng16 -I/usr/include/harfbuzz '
pkg_cv_LIBRSVG_LIBS='-lrsvg-2 -lm -lgio-2.0 -lgdk_pixbuf-2.0 -lgobject-2.0 -lglib-2.0 -lcairo '
pkg_cv_LIBSN_CFLAGS='-I/usr/include/startup-notification-1.0 '
pkg_cv_LIBSN_LIBS='-lstartup-notification-1 '
pkg_cv_PANGO_CFLAGS='-I/usr/include/pango-1.0 -I/usr/include/glib-2.0 -I/usr/lib/glib-2.0/include -I/usr/include/harfbuzz -I/usr/include/freetype2 -I/usr/include/libpng16 -I/usr/include/libmount -I/usr/include/blkid -I/usr/include/fribidi -I/usr/include/cairo -I/usr/include/pixman-1 -pthread '
pkg_cv_PANGO_LIBS='-lpangoxft-1.0 -lpangoft2-1.0 -lpango-1.0 -lgobject-2.0 -lglib-2.0 -lharfbuzz -lfontconfig -lfreetype -lXft '
pkg_cv_XCURSOR_CFLAGS=
pkg_cv_XCURSOR_LIBS='-lXcursor '
pkg_cv_XML_CFLAGS='-I/usr/include/libxml2 '
pkg_cv_XML_LIBS='-lxml2 '

## ----------------- ##
## Output variables. ##
## ----------------- ##

ACLOCAL='${SHELL} /__w/aeolus-pkgs/aeolus-pkgs/aeolus-pkgs/aur_pkgs/openbox-patched/src/openbox-3.6.1/missing --run aclocal-1.11'
AMDEPBACKSLASH='\'
AMDEP_FALSE='#'
AMDEP_TRUE=''
AMTAR='$${TAR-tar}'
AM_BACKSLASH='\'
AM_DEFAULT_V='$(AM_DEFAULT_VERBOSITY)'
AM_DEFAULT_VERBOSITY='0'
AM_V='$(V)'
AR='ar'
AUTOCONF='${SHELL} /__w/aeolus-pkgs/aeolus-pkgs/aeolus-pkgs/aur_pkgs/openbox-patched/src/openbox-3.6.1/missing --run autoconf'
AUTOHEADER='${SHELL} /__w/aeolus-pkgs/aeolus-pkgs/aeolus-pkgs/aur_pkgs/openbox-patched/src/openbox-3.6.1/missing --run autoheader'
AUTOMAKE='${SHELL} /__w/aeolus-pkgs/aeolus-pkgs/aeolus-pkgs/aur_pkgs/openbox-patched/src/openbox-3.6.1/missing --run automake-1.11'
AWK='gawk'
CC='gcc'
CCDEPMODE='depmode=gcc3'
CFLAGS='-march=x86-64 -mtune=generic -O2 -pipe -fno-plt -DNDEBUG -DG_DISABLE_ASSERT -fno-strict-aliasing'
CPP='gcc -E'
CPPFLAGS='-D_FORTIFY_SOURCE=2'
CYGPATH_W='echo'
DEFS='-DPACKAGE_NAME=\"openbox\" -DPACKAGE_TARNAME=\"openbox\" -DPACKAGE_VERSION=\"3.6.1\" -DPACKAGE_STRING=\"openbox\ 3.6.1\" -DPACKAGE_BUGREPORT=\"http://bugzilla.icculus.org\" -DPACKAGE_URL=\"\" -DPACKAGE=\"openbox\" -DVERSION=\"3.6.1\" -DSTDC_HEADERS=1 -DHAVE_SYS_TYPES_H=1 -DHAVE_SYS_STAT_H=1 -DHAVE_STDLIB_H=1 -DHAVE_STRING_H=1 -DHAVE_MEMORY_H=1 -DHAVE_STRINGS_H=1 -DHAVE_INTTYPES_H=1 -DHAVE_STDINT_H=1 -DHAVE_UNISTD_H=1 -DHAVE_DLFCN_H=1 -DLT_OBJDIR=\".libs/\" -DENABLE_NLS=1 -DHAVE_GETTEXT=1 -DHAVE_DCGETTEXT=1 -DHAVE_CTYPE_H=1 -DHAVE_DIRENT_H=1 -DHAVE_ERRNO_H=1 -DHAVE_FCNTL_H=1 -DHAVE_GRP_H=1 -DHAVE_LOCALE_H=1 -DHAVE_PWD_H=1 -DHAVE_SIGNAL_H=1 -DHAVE_STRING_H=1 -DHAVE_STDIO_H=1 -DHAVE_STDLIB_H=1 -DHAVE_UNISTD_H=1 -DHAVE_SYS_STAT_H=1 -DHAVE_SYS_SELECT_H=1 -DHAVE_SYS_SOCKET_H=1 -DHAVE_SYS_TIME_H=1 -DHAVE_SYS_TYPES_H=1 -DHAVE_SYS_WAIT_H=1 -DUSE_LIBSN=1 -DUSE_XCURSOR=1 -DUSE_IMLIB2=1 -DUSE_LIBRSVG=1 -DHAVE_LIBX11=1 -DHAVE_X11_SM_SMLIB_H=1 -DUSE_SM=1 -DXKB=1 -DXRANDR=1 -DSHAPE=1 -DXINERAMA=1 -DSYNC=1 -DAUTH=1'
DEPDIR='.deps'
DIRNAME='/usr/sbin/dirname'
DLLTOOL='false'
DSYMUTIL=''
DUMPBIN=''
ECHO_C=''
ECHO_N='-n'
ECHO_T=''
EFENCE_LIBS=''
EGREP='/usr/sbin/grep -E'
EXEEXT=''
FGREP='/usr/sbin/grep -F'
GLIB_CFLAGS='-I/usr/include/glib-2.0 -I/usr/lib/glib-2.0/include '
GLIB_LIBS='-lglib-2.0 '
GMSGFMT='/usr/sbin/msgfmt'
GMSGFMT_015='/usr/sbin/msgfmt'
GREP='/usr/sbin/grep'
IMLIB2_CFLAGS=''
IMLIB2_LIBS='-lImlib2 '
INSTALL_DATA='${INSTALL} -m 644'
INSTALL_PROGRAM='${INSTALL}'
INSTALL_SCRIPT='${INSTALL}'
INSTALL_STRIP_PROGRAM='$(install_sh) -c -s'
INTLLIBS=''
INTL_MACOSX_LIBS=''
LD='/usr/sbin/ld -m elf_x86_64'
LDFLAGS='-Wl,-O1,--sort-common,--as-needed,-z,relro,-z,now'
LIBICONV='-liconv'
LIBINTL=''
LIBOBJS=''
LIBRSVG_CFLAGS='-I/usr/include/librsvg-2.0 -I/usr/include/glib-2.0 -I/usr/lib/glib-2.0/include -I/usr/include/libmount -I/usr/include/blkid -I/usr/include/gdk-pixbuf-2.0 -pthread -I/usr/include/cairo -I/usr/include/pixman-1 -I/usr/include/freetype2 -I/usr/include/libpng16 -I/usr/include/harfbuzz '
LIBRSVG_LIBS='-lrsvg-2 -lm -lgio-2.0 -lgdk_pixbuf-2.0 -lgobject-2.0 -lglib-2.0 -lcairo '
LIBS=' '
LIBSN_CFLAGS='-I/usr/include/startup-notification-1.0 '
LIBSN_LIBS='-lstartup-notification-1 '
LIBTOOL='$(SHELL) $(top_builddir)/libtool --silent'
LIBTOOL_DEPS='./ltmain.sh'
LIPO=''
LN_S='ln -s'
LTLIBICONV='-liconv'
LTLIBINTL=''
LTLIBOBJS=''
LT_SYS_LIBRARY_PATH=''
MAKEINFO='${SHELL} /__w/aeolus-pkgs/aeolus-pkgs/aeolus-pkgs/aur_pkgs/openbox-patched/src/openbox-3.6.1/missing --run makeinfo'
MANIFEST_TOOL=':'
MKDIR_P='/usr/sbin/mkdir -p'
MSGFMT='/usr/sbin/msgfmt'
MSGFMT_015='/usr/sbin/msgfmt'
MSGMERGE='/usr/sbin/msgmerge'
NM='/usr/sbin/nm -B'
NMEDIT=''
OBJDUMP='objdump'
OBJEXT='o'
OBT_AGE='0'
OBT_BINARY_AGE='2'
OBT_CURRENT='2'
OBT_CURRENT_MINUS_AGE='2'
OBT_INTERFACE_AGE='2'
OBT_MAJOR_VERSION='3'
OBT_MICRO_VERSION='4'
OBT_MINOR_VERSION='6'
OBT_RELEASE='3.6'
OBT_REVISION='2'
OBT_VERSION='3.6'
OB_VERSION='3.6.1'
OTOOL64=''
OTOOL=''
PACKAGE='openbox'
PACKAGE_BUGREPORT='http://bugzilla.icculus.org'
PACKAGE_NAME='openbox'
PACKAGE_STRING='openbox 3.6.1'
PACKAGE_TARNAME='openbox'
PACKAGE_URL=''
PACKAGE_VERSION='3.6.1'
PANGO_CFLAGS='-I/usr/include/pango-1.0 -I/usr/include/glib-2.0 -I/usr/lib/glib-2.0/include -I/usr/include/harfbuzz -I/usr/include/freetype2 -I/usr/include/libpng16 -I/usr/include/libmount -I/usr/include/blkid -I/usr/include/fribidi -I/usr/include/cairo -I/usr/include/pixman-1 -pthread '
PANGO_LIBS='-lpangoxft-1.0 -lpangoft2-1.0 -lpango-1.0 -lgobject-2.0 -lglib-2.0 -lharfbuzz -lfontconfig -lfreetype -lXft '
PATH_SEPARATOR=':'
PKG_CONFIG='/usr/sbin/pkg-config'
PKG_CONFIG_IMLIB='imlib2'
PKG_CONFIG_LIBDIR=''
PKG_CONFIG_LIBRSVG='librsvg-2.0'
PKG_CONFIG_PATH=''
POSUB='po'
RANLIB='ranlib'
RR_AGE='0'
RR_BINARY_AGE='0'
RR_CURRENT='32'
RR_CURRENT_MINUS_AGE='32'
RR_INTERFACE_AGE='0'
RR_MAJOR_VERSION='3'
RR_MICRO_VERSION='32'
RR_MINOR_VERSION='6'
RR_RELEASE='3.6'
RR_REVISION='0'
RR_VERSION='3.6'
SED='/usr/sbin/sed'
SET_MAKE=''
SHELL='/bin/sh'
SM_CFLAGS=''
SM_LIBS='-lSM -lICE'
STRIP='strip'
USE_IMLIB2_FALSE='#'
USE_IMLIB2_TRUE=''
USE_LIBRSVG_FALSE='#'
USE_LIBRSVG_TRUE=''
USE_NLS='yes'
VERSION='3.6.1'
XAUTH_CFLAGS=''
XAUTH_LIBS='-lXau'
XCURSOR_CFLAGS=''
XCURSOR_LIBS='-lXcursor '
XGETTEXT='/usr/sbin/xgettext'
XGETTEXT_015='/usr/sbin/xgettext'
XINERAMA_LIBS='-lXext -lXinerama'
XKB_CFLAGS=''
XKB_LIBS=''
XMKMF=''
XML_CFLAGS='-I/usr/include/libxml2 '
XML_LIBS='-lxml2 '
XRANDR_CFLAGS=''
XRANDR_LIBS='-lXext -lXrender -lXrandr'
XSHAPE_CFLAGS=''
XSHAPE_LIBS='-lXext'
XSYNC_CFLAGS=''
XSYNC_LIBS='-lXext'
X_CFLAGS=''
X_EXTRA_LIBS=''
X_LIBS=' -lSM -lICE  -lX11'
X_PRE_LIBS=' -lSM -lICE'
ac_ct_AR='ar'
ac_ct_CC='gcc'
ac_ct_DUMPBIN=''
am__EXEEXT_FALSE=''
am__EXEEXT_TRUE='#'
am__fastdepCC_FALSE='#'
am__fastdepCC_TRUE=''
am__include='include'
am__isrc=''
am__leading_dot='.'
am__nodep='_no'
am__quote=''
am__tar='$${TAR-tar} chof - "$$tardir"'
am__untar='$${TAR-tar} xf -'
bindir='${exec_prefix}/bin'
build='x86_64-unknown-linux-gnu'
build_alias=''
build_cpu='x86_64'
build_os='linux-gnu'
build_vendor='unknown'
datadir='${datarootdir}'
datarootdir='${prefix}/share'
docdir='${datarootdir}/doc/${PACKAGE_TARNAME}'
dvidir='${docdir}'
exec_prefix='${prefix}'
host='x86_64-unknown-linux-gnu'
host_alias=''
host_cpu='x86_64'
host_os='linux-gnu'
host_vendor='unknown'
htmldir='${docdir}'
includedir='${prefix}/include'
infodir='${datarootdir}/info'
install_sh='${SHELL} /__w/aeolus-pkgs/aeolus-pkgs/aeolus-pkgs/aur_pkgs/openbox-patched/src/openbox-3.6.1/install-sh'
libdir='${exec_prefix}/lib'
libexecdir='/usr/lib/openbox'
localedir='${datarootdir}/locale'
localstatedir='${prefix}/var'
mandir='${datarootdir}/man'
mkdir_p='/usr/sbin/mkdir -p'
oldincludedir='/usr/include'
pdfdir='${docdir}'
prefix='/usr'
program_transform_name='s,x,x,'
psdir='${docdir}'
sbindir='${exec_prefix}/sbin'
sharedstatedir='${prefix}/com'
sysconfdir='/etc'
target_alias=''

## ----------- ##
## confdefs.h. ##
## ----------- ##

/* confdefs.h */
#define PACKAGE_NAME "openbox"
#define PACKAGE_TARNAME "openbox"
#define PACKAGE_VERSION "3.6.1"
#define PACKAGE_STRING "openbox 3.6.1"
#define PACKAGE_BUGREPORT "http://bugzilla.icculus.org"
#define PACKAGE_URL ""
#define PACKAGE "openbox"
#define VERSION "3.6.1"
#define STDC_HEADERS 1
#define HAVE_SYS_TYPES_H 1
#define HAVE_SYS_STAT_H 1
#define HAVE_STDLIB_H 1
#define HAVE_STRING_H 1
#define HAVE_MEMORY_H 1
#define HAVE_STRINGS_H 1
#define HAVE_INTTYPES_H 1
#define HAVE_STDINT_H 1
#define HAVE_UNISTD_H 1
#define HAVE_DLFCN_H 1
#define LT_OBJDIR ".libs/"
#define ENABLE_NLS 1
#define HAVE_GETTEXT 1
#define HAVE_DCGETTEXT 1
#define HAVE_CTYPE_H 1
#define HAVE_DIRENT_H 1
#define HAVE_ERRNO_H 1
#define HAVE_FCNTL_H 1
#define HAVE_GRP_H 1
#define HAVE_LOCALE_H 1
#define HAVE_PWD_H 1
#define HAVE_SIGNAL_H 1
#define HAVE_STRING_H 1
#define HAVE_STDIO_H 1
#define HAVE_STDLIB_H 1
#define HAVE_UNISTD_H 1
#define HAVE_SYS_STAT_H 1
#define HAVE_SYS_SELECT_H 1
#define HAVE_SYS_SOCKET_H 1
#define HAVE_SYS_TIME_H 1
#define HAVE_SYS_TYPES_H 1
#define HAVE_SYS_WAIT_H 1
#define USE_LIBSN 1
#define USE_XCURSOR 1
#define USE_IMLIB2 1
#define USE_LIBRSVG 1
#define HAVE_LIBX11 1
#define HAVE_X11_SM_SMLIB_H 1
#define USE_SM 1
#define XKB 1
#define XRANDR 1
#define SHAPE 1
#define XINERAMA 1
#define SYNC 1
#define AUTH 1

configure: exit 0
